Arguments: 
  D:\INDABA\SonarReport\SonarReportMaven\node\node.exe D:\INDABA\SonarReport\SonarReportMaven\node\yarn\dist\bin\yarn.js

PATH: 
  D:\INDABA\SonarReport\SonarReportMaven\node;D:\INDABA\SonarReport\SonarReportMaven\node\yarn\dist\bin;C:\Windows\system32;C:\Windows;C:\Windows\System32\Wbem;C:\Windows\System32\WindowsPowerShell\v1.0\;C:\Windows\System32\OpenSSH\;C:\Program Files\Java\jdk-12.0.1\bin;C:\apache-maven-3.6.3\bin;C:\Program Files\dotnet\;C:\Program Files\nodejs\;C:\Users\GARCI\AppData\Local\Microsoft\WindowsApps;;C:\Users\GARCI\AppData\Local\Programs\Microsoft VS Code\bin;C:\Users\GARCI\AppData\Roaming\npm;

Yarn version: 
  1.1.0

Node version: 
  8.5.0

Platform: 
  win32 x64

npm manifest: 
  {
    "name": "SonarReportMaven",
    "version": "1.0.0",
    "description": "",
    "main": "index.js",
    "keywords": [],
    "author": "",
    "license": "ISC",
    "devDependencies": {
      "autoprefixer": "6.2.2",
      "babel-core": "6.14.0",
      "babel-jest": "18.0.0",
      "babel-loader": "6.2.5",
      "babel-preset-react-app": "0.2.1",
      "cross-env": "2.0.0",
      "cross-spawn": "4.0.0",
      "css-loader": "0.23.1",
      "detect-port": "1.0.0",
      "dotenv": "2.0.0",
      "enzyme": "2.6.0",
      "enzyme-to-json": "1.4.5",
      "expose-loader": "0.7.1",
      "express": "4.13.4",
      "express-http-proxy": "0.6.0",
      "filesize": "3.3.0",
      "find-cache-dir": "0.1.1",
      "gzip-size": "3.0.0",
      "imports-loader": "0.6.5",
      "jest": "18.0.0",
      "json-loader": "0.5.4",
      "path-exists": "2.1.0",
      "postcss-loader": "0.8.0",
      "prettier": "0.22.0",
      "react": "15.6.2",
      "react-addons-shallow-compare": "15.6.2",
      "react-addons-test-utils": "15.6.2",
      "react-dev-utils": "0.2.1",
      "react-dom": "15.6.2",
      "react-router": "3.0.2",
      "react-transform-hmr": "1.0.4",
      "recursive-readdir": "2.1.0",
      "rimraf": "2.5.4",
      "script-loader": "0.6.1",
      "strip-ansi": "3.0.1",
      "style-loader": "0.13.0",
      "webpack": "1.13.2",
      "webpack-dev-server": "1.16.1"
    },
    "scripts": {
      "build": "node plugin/config/scripts/build.js"
    },
    "babel": {
      "presets": [
        "react-app"
      ]
    },
    "dependencies": {
      "backbone": "^1.4.0",
      "jquery": "^1.11.0",
      "underscore": "^1.9.1"
    }
  }

yarn manifest: 
  No manifest

Lockfile: 
  No lockfile

Trace: 
  Error: EBUSY: resource busy or locked, copyfile 'C:\Users\GARCI\AppData\Local\Yarn\cache\v1\npm-js-yaml-3.7.0-5c967ddd837a9bfdca5f2de84253abe8a1c03b80\package.json' -> 'D:\INDABA\SonarReport\SonarReportMaven\node_modules\svgo\node_modules\js-yaml\package.json'
